[05Jul2026 12:59:33.823] [main/INFO] [cpw.mods.modlauncher.Launcher/MODLAUNCHER]: ModLauncher running: args [--launchTarget, forgeclientdev, --version, 21.1.235, --assetIndex, 17, --assetsDir, /home/marzrovin/.gradle/caches/neoformruntime/assets, --gameDir, ., --fml.fmlVersion, 4.0.42, --fml.mcVersion, 1.21.1, --fml.neoForgeVersion, 21.1.235, --fml.neoFormVersion, 20240808.144430]
[05Jul2026 12:59:33.829] [main/INFO] [cpw.mods.modlauncher.Launcher/MODLAUNCHER]: JVM identified as Ubuntu OpenJDK 64-Bit Server VM 21.0.11+10-1-26.04.2-Ubuntu
[05Jul2026 12:59:33.834] [main/INFO] [cpw.mods.modlauncher.Launcher/MODLAUNCHER]: ModLauncher 11.0.5+main.901c6ea8 starting: java version 21.0.11 by Ubuntu; OS Linux arch amd64 version 7.0.0-27-generic
[05Jul2026 12:59:34.230] [main/INFO] [net.neoforged.fml.loading.ImmediateWindowHandler/]: Loading ImmediateWindowProvider fmlearlywindow
[05Jul2026 12:59:34.602] [main/INFO] [EARLYDISPLAY/]: Trying GL version 4.6
[05Jul2026 12:59:35.149] [main/INFO] [EARLYDISPLAY/]: Requested GL version 4.6 got version 4.6
[05Jul2026 12:59:35.810] [main/INFO] [mixin/]: SpongePowered MIXIN Subsystem Version=0.8.7 Source=union:/home/marzrovin/.gradle/caches/modules-2/files-2.1/net.fabricmc/sponge-mixin/0.15.2+mixin.0.8.7/2af2f021d8e02a0220dc27a7a72b4666d66d44ca/sponge-mixin-0.15.2+mixin.0.8.7.jar%23126!/ Service=ModLauncher Env=CLIENT
[05Jul2026 12:59:35.821] [pool-2-thread-1/INFO] [EARLYDISPLAY/]: GL info: Mesa Intel(R) UHD Graphics 600 (GLK 2) GL version 4.6 (Core Profile) Mesa 26.0.3-1ubuntu1, Intel
[05Jul2026 12:59:37.042] [main/INFO] [net.neoforged.fml.loading.moddiscovery.locators.JarInJarDependencyLocator/]: Found 5 dependencies adding them to mods collection
[05Jul2026 12:59:37.048] [main/INFO] [net.neoforged.fml.loading.moddiscovery.ModDiscoverer/]: 
     Mod List:
		Name Version (Mod Id)

		Contraptionized Rails 1.0.0 (contraptionrails)
		Create 6.0.10 (create)
		Flywheel 1.0.6 (flywheel)
		Minecraft 1.21.1 (minecraft)
		NeoForge 21.1.235 (neoforge)
		Ponder 1.0.82+mc1.21.1 (ponder)
[05Jul2026 12:59:39.676] [main/INFO] [mixin/]: Compatibility level set to JAVA_21
[05Jul2026 12:59:39.830] [main/INFO] [cpw.mods.modlauncher.LaunchServiceHandler/MODLAUNCHER]: Launching target 'forgeclientdev' with arguments [--version, 21.1.235, --gameDir, ., --assetsDir, /home/marzrovin/.gradle/caches/neoformruntime/assets, --assetIndex, 17]
[05Jul2026 12:59:40.094] [main/WARN] [mixin/]: Reference map 'ponder.refmap.json' for ponder-common.mixins.json could not be read. If this is a development environment you can ignore this message
[05Jul2026 12:59:42.277] [main/WARN] [mixin/]: Error loading class: org/jetbrains/annotations/ApiStatus$ScheduledForRemoval (java.lang.ClassNotFoundException: org.jetbrains.annotations.ApiStatus$ScheduledForRemoval)
[05Jul2026 12:59:42.393] [main/INFO] [MixinExtras|Service/]: Initializing MixinExtras via com.llamalad7.mixinextras.service.MixinExtrasServiceImpl(version=0.5.3).
[05Jul2026 12:59:47.468] [Datafixer Bootstrap/INFO] [com.mojang.datafixers.DataFixerBuilder/]: 229 Datafixer optimizations took 1583 milliseconds
[05Jul2026 13:00:02.758] [main/WARN] [net.minecraft.commands.Commands/]: Ambiguity between arguments [teleport, location] and [teleport, destination] with inputs: [0.1 -0.5 .9, 0 0 0]
[05Jul2026 13:00:02.761] [main/WARN] [net.minecraft.commands.Commands/]: Ambiguity between arguments [teleport, location] and [teleport, targets] with inputs: [0.1 -0.5 .9, 0 0 0]
[05Jul2026 13:00:02.768] [main/WARN] [net.minecraft.commands.Commands/]: Ambiguity between arguments [teleport, destination] and [teleport, targets] with inputs: [Player, 0123, @e, dd12be42-52a9-4a91-a8a1-11c01849e498]
[05Jul2026 13:00:02.771] [main/WARN] [net.minecraft.commands.Commands/]: Ambiguity between arguments [teleport, targets] and [teleport, destination] with inputs: [Player, 0123, dd12be42-52a9-4a91-a8a1-11c01849e498]
[05Jul2026 13:00:02.774] [main/WARN] [net.minecraft.commands.Commands/]: Ambiguity between arguments [teleport, targets, location] and [teleport, targets, destination] with inputs: [0.1 -0.5 .9, 0 0 0]
[05Jul2026 13:00:03.110] [Render thread/WARN] [net.minecraft.server.packs.VanillaPackResourcesBuilder/]: Assets URL 'union:/home/marzrovin/Desktop/mcmodding/contraptionrails/build/moddev/artifacts/neoforge-21.1.235.jar%23177!/assets/.mcassetsroot' uses unexpected schema
[05Jul2026 13:00:03.111] [Render thread/WARN] [net.minecraft.server.packs.VanillaPackResourcesBuilder/]: Assets URL 'union:/home/marzrovin/Desktop/mcmodding/contraptionrails/build/moddev/artifacts/neoforge-21.1.235.jar%23177!/data/.mcassetsroot' uses unexpected schema
[05Jul2026 13:00:03.180] [Render thread/INFO] [com.mojang.authlib.yggdrasil.YggdrasilAuthenticationService/]: Environment: Environment[sessionHost=https://sessionserver.mojang.com, servicesHost=https://api.minecraftservices.com, name=PROD]
[05Jul2026 13:00:03.201] [Render thread/INFO] [net.minecraft.client.Minecraft/]: Setting user: Dev
[05Jul2026 13:00:03.463] [Render thread/INFO] [net.minecraft.client.Minecraft/]: Backend library: LWJGL version 3.3.3+5
[05Jul2026 13:00:04.204] [modloading-worker-0/INFO] [net.neoforged.neoforge.common.NeoForgeMod/NEOFORGE-MOD]: NeoForge mod loading, version 21.1.235, for MC 1.21.1
[05Jul2026 13:00:04.485] [modloading-worker-0/INFO] [com.simibubi.create.Create/]: Create 6.0.10 initializing! Commit hash: ac0c444d9828da3453ae8cc65338e8de063286fb
[05Jul2026 13:00:14.917] [Render thread/INFO] [net.neoforged.neoforge.gametest.GameTestHooks/]: Enabled Gametest Namespaces: [contraptionrails]
[05Jul2026 13:00:15.910] [Render thread/INFO] [net.minecraft.server.packs.resources.ReloadableResourceManager/]: Reloading ResourceManager: vanilla, mod_resources, mod/contraptionrails, mod/flywheel, mod/ponder, mod/create, mod/neoforge
[05Jul2026 13:00:15.935] [Worker-Main-1/INFO] [com.marzrovin.contraptionrails.ContraptionizedRails/]: HELLO FROM COMMON SETUP
[05Jul2026 13:00:15.936] [Worker-Main-1/INFO] [com.marzrovin.contraptionrails.ContraptionizedRails/]: DIRT BLOCK >> minecraft:dirt
[05Jul2026 13:00:15.938] [Worker-Main-1/INFO] [com.marzrovin.contraptionrails.ContraptionizedRails/]: The magic number is... 42
[05Jul2026 13:00:15.939] [Worker-Main-1/INFO] [com.marzrovin.contraptionrails.ContraptionizedRails/]: ITEM >> minecraft:iron_ingot
[05Jul2026 13:00:16.285] [NeoForge Version Check/INFO] [net.neoforged.fml.VersionChecker/]: [create] Starting version check at https://api.modrinth.com/updates/create/forge_updates.json?neoforge=only
[05Jul2026 13:00:16.503] [Worker-Main-2/INFO] [net.minecraft.client.gui.font.providers.UnihexProvider/]: Found unifont_all_no_pua-15.1.05.hex, loading
[05Jul2026 13:00:17.344] [NeoForge Version Check/INFO] [net.neoforged.fml.VersionChecker/]: [create] Found status: OUTDATED Current: 6.0.10 Target: 6.0.10+mc1.21.1
[05Jul2026 13:00:17.549] [Worker-Main-2/INFO] [net.minecraft.client.gui.font.providers.UnihexProvider/]: Found unifont_jp_patch-15.1.05.hex, loading
[05Jul2026 13:00:19.840] [Worker-Main-1/INFO] [com.marzrovin.contraptionrails.ContraptionizedRails/]: HELLO FROM CLIENT SETUP
[05Jul2026 13:00:19.852] [Worker-Main-1/INFO] [com.marzrovin.contraptionrails.ContraptionizedRails/]: MINECRAFT NAME >> Dev
[05Jul2026 13:00:26.300] [Worker-Main-3/INFO] [PonderIndex/]: Registering Ponder Scenes took 384.8 ms
[05Jul2026 13:00:26.316] [Worker-Main-3/INFO] [PonderIndex/]: Registering Ponder Tags took 12.33 ms
[05Jul2026 13:00:26.655] [Render thread/WARN] [net.minecraft.client.sounds.SoundEngine/]: Missing sound for event: minecraft:item.goat_horn.play
[05Jul2026 13:00:26.656] [Render thread/WARN] [net.minecraft.client.sounds.SoundEngine/]: Missing sound for event: minecraft:entity.goat.screaming.horn_break
[05Jul2026 13:00:27.160] [Render thread/INFO] [com.mojang.blaze3d.audio.Library/]: OpenAL initialized on device Built-in Audio Analog Stereo
[05Jul2026 13:00:27.162] [Render thread/INFO] [net.minecraft.client.sounds.SoundEngine/SOUNDS]: Sound engine started
[05Jul2026 13:00:27.446] [Render thread/INFO] [net.minecraft.client.renderer.texture.TextureAtlas/]: Created: 2048x1024x4 minecraft:textures/atlas/blocks.png-atlas
[05Jul2026 13:00:27.890] [Render thread/INFO] [net.minecraft.client.renderer.texture.TextureAtlas/]: Created: 256x256x4 minecraft:textures/atlas/signs.png-atlas
[05Jul2026 13:00:27.904] [Render thread/INFO] [net.minecraft.client.renderer.texture.TextureAtlas/]: Created: 512x512x4 minecraft:textures/atlas/shield_patterns.png-atlas
[05Jul2026 13:00:27.921] [Render thread/INFO] [net.minecraft.client.renderer.texture.TextureAtlas/]: Created: 512x512x4 minecraft:textures/atlas/banner_patterns.png-atlas
[05Jul2026 13:00:27.933] [Render thread/INFO] [net.minecraft.client.renderer.texture.TextureAtlas/]: Created: 2048x1024x4 minecraft:textures/atlas/armor_trims.png-atlas
[05Jul2026 13:00:28.333] [Render thread/INFO] [net.minecraft.client.renderer.texture.TextureAtlas/]: Created: 128x64x4 minecraft:textures/atlas/decorated_pot.png-atlas
[05Jul2026 13:00:28.371] [Render thread/INFO] [net.minecraft.client.renderer.texture.TextureAtlas/]: Created: 256x256x4 minecraft:textures/atlas/chest.png-atlas
[05Jul2026 13:00:28.377] [Render thread/INFO] [net.minecraft.client.renderer.texture.TextureAtlas/]: Created: 512x256x4 minecraft:textures/atlas/shulker_boxes.png-atlas
[05Jul2026 13:00:28.383] [Render thread/INFO] [net.minecraft.client.renderer.texture.TextureAtlas/]: Created: 512x256x4 minecraft:textures/atlas/beds.png-atlas
[05Jul2026 13:00:29.497] [Render thread/INFO] [net.minecraft.client.renderer.texture.TextureAtlas/]: Created: 512x256x0 minecraft:textures/atlas/particles.png-atlas
[05Jul2026 13:00:29.546] [Render thread/INFO] [net.minecraft.client.renderer.texture.TextureAtlas/]: Created: 512x256x0 minecraft:textures/atlas/paintings.png-atlas
[05Jul2026 13:00:29.555] [Render thread/INFO] [net.minecraft.client.renderer.texture.TextureAtlas/]: Created: 256x128x0 minecraft:textures/atlas/mob_effects.png-atlas
[05Jul2026 13:00:29.561] [Render thread/INFO] [net.minecraft.client.renderer.texture.TextureAtlas/]: Created: 64x64x0 minecraft:textures/atlas/map_decorations.png-atlas
[05Jul2026 13:00:29.563] [Render thread/INFO] [net.minecraft.client.renderer.texture.TextureAtlas/]: Created: 1024x512x0 minecraft:textures/atlas/gui.png-atlas
[05Jul2026 13:00:30.320] [Render thread/WARN] [net.minecraft.client.renderer.ShaderInstance/]: Shader rendertype_entity_translucent_emissive could not find sampler named Sampler2 in the specified shader program.
[05Jul2026 13:00:30.910] [Render thread/INFO] [flywheel/backend/shaders/]: Loaded 77 shader sources in 79.046 ms
[05Jul2026 13:00:30.983] [Render thread/INFO] [com.simibubi.create.Create/]: Loaded 58 train hat configurations.
[05Jul2026 13:00:30.985] [Render thread/INFO] [net.neoforged.neoforge.client.entity.animation.json.AnimationLoader/]: Loaded 0 entity animations
[05Jul2026 13:00:41.080] [Render thread/INFO] [com.simibubi.create.Create/]: Created 157 recipes which will be injected into the game
[05Jul2026 13:00:41.114] [Render thread/INFO] [com.simibubi.create.Create/]: Created 0 tags which will be injected into the game
[05Jul2026 13:00:44.140] [Render thread/INFO] [net.minecraft.world.item.crafting.RecipeManager/]: Loaded 2816 recipes
[05Jul2026 13:00:44.936] [Render thread/INFO] [net.minecraft.advancements.AdvancementTree/]: Loaded 2506 advancements
[05Jul2026 13:00:47.766] [Server thread/INFO] [net.minecraft.client.server.IntegratedServer/]: Starting integrated minecraft server version 1.21.1
[05Jul2026 13:00:47.767] [Server thread/INFO] [net.minecraft.server.MinecraftServer/]: Generating keypair
[05Jul2026 13:00:48.884] [Server thread/INFO] [net.minecraft.server.MinecraftServer/]: Preparing start region for dimension minecraft:overworld
[05Jul2026 13:00:49.717] [progressListener/INFO] [net.minecraft.server.level.progress.LoggerChunkProgressListener/]: Preparing spawn area: 0%
[05Jul2026 13:00:49.719] [progressListener/INFO] [net.minecraft.server.level.progress.LoggerChunkProgressListener/]: Preparing spawn area: 0%
[05Jul2026 13:00:49.910] [progressListener/INFO] [net.minecraft.server.level.progress.LoggerChunkProgressListener/]: Preparing spawn area: 20%
[05Jul2026 13:00:49.982] [progressListener/INFO] [net.minecraft.server.level.progress.LoggerChunkProgressListener/]: Time elapsed: 1083 ms
[05Jul2026 13:00:49.993] [Server thread/INFO] [net.neoforged.neoforge.server.permission.PermissionAPI/]: Successfully initialized permission handler neoforge:default_handler
[05Jul2026 13:00:49.994] [Server thread/INFO] [com.marzrovin.contraptionrails.ContraptionizedRails/]: HELLO from server starting
[05Jul2026 13:00:50.290] [Server thread/INFO] [net.minecraft.client.server.IntegratedServer/]: Changing view distance to 2, from 10
[05Jul2026 13:00:50.291] [Server thread/INFO] [net.minecraft.client.server.IntegratedServer/]: Changing simulation distance to 5, from 0
[05Jul2026 13:00:51.457] [Render thread/INFO] [com.simibubi.create.Create/]: Created 157 recipes which will be injected into the game
[05Jul2026 13:00:51.464] [Render thread/INFO] [com.simibubi.create.Create/]: Created 0 tags which will be injected into the game
[05Jul2026 13:00:52.485] [Server thread/INFO] [net.minecraft.server.players.PlayerList/]: Dev[local:E:6945344f] logged in with entity id 1 at (-2.626198105822537, -60.0, -0.726192090751699)
[05Jul2026 13:00:52.788] [Server thread/INFO] [net.minecraft.server.MinecraftServer/]: Dev joined the game
[05Jul2026 13:00:53.050] [Render thread/INFO] [flywheel/]: Started 1 worker threads
[05Jul2026 13:00:53.877] [Render thread/INFO] [net.minecraft.advancements.AdvancementTree/]: Loaded 2 advancements
[05Jul2026 13:01:01.439] [Server thread/INFO] [com.marzrovin.contraptionrails.ContraptionizedRails/]: Allowing rail/track to be movable: Block{create:track}
[05Jul2026 13:01:10.708] [Render thread/INFO] [net.minecraft.advancements.AdvancementTree/]: Loaded 38 advancements
[05Jul2026 13:01:22.895] [Render thread/INFO] [com.mojang.blaze3d.platform.GlDebug/]: OpenGL debug message: id=1, source=SHADER COMPILER, type=OTHER, severity=HIGH, message='0:14(10): warning: `_flw_uberFogIndex' used uninitialized'
[05Jul2026 13:01:22.897] [Render thread/INFO] [com.mojang.blaze3d.platform.GlDebug/]: OpenGL debug message: id=2, source=SHADER COMPILER, type=OTHER, severity=HIGH, message='12:3(22): warning: `flw_fragLight' used uninitialized'
[05Jul2026 13:01:22.898] [Render thread/INFO] [com.mojang.blaze3d.platform.GlDebug/]: OpenGL debug message: id=3, source=SHADER COMPILER, type=OTHER, severity=HIGH, message='0:31(10): warning: `_flw_uberCutoutIndex' used uninitialized'
[05Jul2026 13:01:22.906] [Render thread/INFO] [com.mojang.blaze3d.platform.GlDebug/]: OpenGL debug message: id=4, source=SHADER COMPILER, type=OTHER, severity=HIGH, message='19:73(6): warning: `flw_material' used uninitialized'
[05Jul2026 13:01:22.907] [Render thread/INFO] [com.mojang.blaze3d.platform.GlDebug/]: OpenGL debug message: id=5, source=SHADER COMPILER, type=OTHER, severity=HIGH, message='19:75(13): warning: `flw_material' used uninitialized'
[05Jul2026 13:01:22.908] [Render thread/INFO] [com.mojang.blaze3d.platform.GlDebug/]: OpenGL debug message: id=6, source=SHADER COMPILER, type=OTHER, severity=HIGH, message='19:115(6): warning: `flw_material' used uninitialized'
[05Jul2026 13:01:22.908] [Render thread/INFO] [com.mojang.blaze3d.platform.GlDebug/]: OpenGL debug message: id=7, source=SHADER COMPILER, type=OTHER, severity=HIGH, message='19:121(6): warning: `flw_material' used uninitialized'
[05Jul2026 13:01:22.929] [Render thread/INFO] [com.mojang.blaze3d.platform.GlDebug/]: OpenGL debug message: id=8, source=SHADER COMPILER, type=OTHER, severity=HIGH, message='10:1(27): warning: `flw_vertexPos' used uninitialized'
[05Jul2026 13:01:22.932] [Render thread/INFO] [com.mojang.blaze3d.platform.GlDebug/]: OpenGL debug message: id=9, source=SHADER COMPILER, type=OTHER, severity=HIGH, message='10:2(56): warning: `flw_vertexNormal' used uninitialized'
[05Jul2026 13:01:22.933] [Render thread/INFO] [com.mojang.blaze3d.platform.GlDebug/]: OpenGL debug message: id=10, source=SHADER COMPILER, type=OTHER, severity=HIGH, message='10:6(47): warning: `flw_vertexLight' used uninitialized'
[05Jul2026 13:01:37.379] [Render thread/INFO] [net.minecraft.advancements.AdvancementTree/]: Loaded 44 advancements
[05Jul2026 13:01:39.902] [Server thread/INFO] [com.marzrovin.contraptionrails.ContraptionizedRails/]: Allowing rail/track to be movable: Block{create:track}
[05Jul2026 13:01:39.926] [Server thread/INFO] [com.marzrovin.contraptionrails.ContraptionizedRails/]: Allowing rail/track to be movable: Block{create:track}
[05Jul2026 13:01:39.930] [Server thread/INFO] [com.marzrovin.contraptionrails.ContraptionizedRails/]: Allowing rail/track to be movable: Block{create:track}
[05Jul2026 13:01:39.931] [Server thread/INFO] [com.marzrovin.contraptionrails.ContraptionizedRails/]: Allowing rail/track to be movable: Block{create:track}
[05Jul2026 13:01:39.935] [Server thread/INFO] [com.marzrovin.contraptionrails.ContraptionizedRails/]: Allowing rail/track to be movable: Block{create:track}
[05Jul2026 13:01:39.940] [Server thread/INFO] [com.marzrovin.contraptionrails.ContraptionizedRails/]: Allowing rail/track to be movable: Block{create:track}
[05Jul2026 13:01:40.101] [Render thread/INFO] [com.mojang.blaze3d.platform.GlDebug/]: OpenGL debug message: id=12, source=SHADER COMPILER, type=OTHER, severity=HIGH, message='0:14(10): warning: `_flw_uberFogIndex' used uninitialized'
[05Jul2026 13:01:40.102] [Render thread/INFO] [com.mojang.blaze3d.platform.GlDebug/]: OpenGL debug message: id=13, source=SHADER COMPILER, type=OTHER, severity=HIGH, message='12:3(22): warning: `flw_fragLight' used uninitialized'
[05Jul2026 13:01:40.102] [Render thread/INFO] [com.mojang.blaze3d.platform.GlDebug/]: OpenGL debug message: id=14, source=SHADER COMPILER, type=OTHER, severity=HIGH, message='0:31(10): warning: `_flw_uberCutoutIndex' used uninitialized'
[05Jul2026 13:01:40.105] [Render thread/INFO] [com.mojang.blaze3d.platform.GlDebug/]: OpenGL debug message: id=15, source=SHADER COMPILER, type=OTHER, severity=HIGH, message='19:73(6): warning: `flw_material' used uninitialized'
[05Jul2026 13:01:40.105] [Render thread/INFO] [com.mojang.blaze3d.platform.GlDebug/]: OpenGL debug message: id=16, source=SHADER COMPILER, type=OTHER, severity=HIGH, message='19:75(13): warning: `flw_material' used uninitialized'
[05Jul2026 13:01:40.106] [Render thread/INFO] [com.mojang.blaze3d.platform.GlDebug/]: OpenGL debug message: id=17, source=SHADER COMPILER, type=OTHER, severity=HIGH, message='19:115(6): warning: `flw_material' used uninitialized'
[05Jul2026 13:01:40.106] [Render thread/INFO] [com.mojang.blaze3d.platform.GlDebug/]: OpenGL debug message: id=18, source=SHADER COMPILER, type=OTHER, severity=HIGH, message='19:121(6): warning: `flw_material' used uninitialized'
[05Jul2026 13:01:40.135] [Render thread/INFO] [com.mojang.blaze3d.platform.GlDebug/]: OpenGL debug message: id=19, source=SHADER COMPILER, type=OTHER, severity=HIGH, message='10:1(27): warning: `flw_vertexPos' used uninitialized'
[05Jul2026 13:01:40.137] [Render thread/INFO] [com.mojang.blaze3d.platform.GlDebug/]: OpenGL debug message: id=20, source=SHADER COMPILER, type=OTHER, severity=HIGH, message='10:2(56): warning: `flw_vertexNormal' used uninitialized'
[05Jul2026 13:01:40.139] [Render thread/INFO] [com.mojang.blaze3d.platform.GlDebug/]: OpenGL debug message: id=21, source=SHADER COMPILER, type=OTHER, severity=HIGH, message='10:6(47): warning: `flw_vertexLight' used uninitialized'
[05Jul2026 13:01:40.143] [Render thread/INFO] [com.mojang.blaze3d.platform.GlDebug/]: OpenGL debug message: id=22, source=SHADER COMPILER, type=OTHER, severity=HIGH, message='15:89(18): warning: `_flw_modelMatrix' used uninitialized'
[05Jul2026 13:01:40.144] [Render thread/INFO] [com.mojang.blaze3d.platform.GlDebug/]: OpenGL debug message: id=23, source=SHADER COMPILER, type=OTHER, severity=HIGH, message='15:90(21): warning: `_flw_normalMatrix' used uninitialized'
[05Jul2026 13:01:40.313] [Render thread/INFO] [com.mojang.blaze3d.platform.GlDebug/]: OpenGL debug message: id=24, source=SHADER COMPILER, type=OTHER, severity=HIGH, message='0:14(10): warning: `_flw_uberFogIndex' used uninitialized'
[05Jul2026 13:01:40.314] [Render thread/INFO] [com.mojang.blaze3d.platform.GlDebug/]: OpenGL debug message: id=25, source=SHADER COMPILER, type=OTHER, severity=HIGH, message='12:3(22): warning: `flw_fragLight' used uninitialized'
[05Jul2026 13:01:40.317] [Render thread/INFO] [com.mojang.blaze3d.platform.GlDebug/]: OpenGL debug message: id=26, source=SHADER COMPILER, type=OTHER, severity=HIGH, message='20:73(6): warning: `flw_material' used uninitialized'
[05Jul2026 13:01:40.317] [Render thread/INFO] [com.mojang.blaze3d.platform.GlDebug/]: OpenGL debug message: id=27, source=SHADER COMPILER, type=OTHER, severity=HIGH, message='20:75(13): warning: `flw_material' used uninitialized'
[05Jul2026 13:01:40.318] [Render thread/INFO] [com.mojang.blaze3d.platform.GlDebug/]: OpenGL debug message: id=28, source=SHADER COMPILER, type=OTHER, severity=HIGH, message='20:115(6): warning: `flw_material' used uninitialized'
[05Jul2026 13:01:40.318] [Render thread/INFO] [com.mojang.blaze3d.platform.GlDebug/]: OpenGL debug message: id=29, source=SHADER COMPILER, type=OTHER, severity=HIGH, message='20:121(6): warning: `flw_material' used uninitialized'
[05Jul2026 13:02:21.252] [Server thread/INFO] [com.marzrovin.contraptionrails.ContraptionizedRails/]: Allowing rail/track to be movable: Block{create:track}
[05Jul2026 13:02:21.276] [Server thread/INFO] [com.marzrovin.contraptionrails.ContraptionizedRails/]: Allowing rail/track to be movable: Block{create:track}
[05Jul2026 13:02:21.277] [Server thread/INFO] [com.marzrovin.contraptionrails.ContraptionizedRails/]: Allowing rail/track to be movable: Block{create:track}
[05Jul2026 13:02:21.277] [Server thread/INFO] [com.marzrovin.contraptionrails.ContraptionizedRails/]: Allowing rail/track to be movable: Block{create:track}
[05Jul2026 13:02:21.278] [Server thread/INFO] [com.marzrovin.contraptionrails.ContraptionizedRails/]: Allowing rail/track to be movable: Block{create:track}
[05Jul2026 13:02:21.279] [Server thread/INFO] [com.marzrovin.contraptionrails.ContraptionizedRails/]: Allowing rail/track to be movable: Block{create:track}
[05Jul2026 13:02:21.279] [Server thread/INFO] [com.marzrovin.contraptionrails.ContraptionizedRails/]: Allowing rail/track to be movable: Block{create:track}
[05Jul2026 13:02:21.279] [Server thread/INFO] [com.marzrovin.contraptionrails.ContraptionizedRails/]: Allowing rail/track to be movable: Block{create:track}
[05Jul2026 13:02:21.279] [Server thread/INFO] [com.marzrovin.contraptionrails.ContraptionizedRails/]: Allowing rail/track to be movable: Block{create:track}
[05Jul2026 13:02:21.280] [Server thread/INFO] [com.marzrovin.contraptionrails.ContraptionizedRails/]: Allowing rail/track to be movable: Block{create:track}
[05Jul2026 13:02:21.281] [Server thread/INFO] [com.marzrovin.contraptionrails.ContraptionizedRails/]: Allowing rail/track to be movable: Block{create:track}
[05Jul2026 13:02:21.281] [Server thread/INFO] [com.marzrovin.contraptionrails.ContraptionizedRails/]: Allowing rail/track to be movable: Block{create:track}
[05Jul2026 13:02:31.752] [Server thread/INFO] [com.marzrovin.contraptionrails.ContraptionizedRails/]: Allowing rail/track to be movable: Block{create:track}
[05Jul2026 13:02:31.753] [Server thread/INFO] [com.marzrovin.contraptionrails.ContraptionizedRails/]: Allowing rail/track to be movable: Block{create:track}
[05Jul2026 13:02:31.753] [Server thread/INFO] [com.marzrovin.contraptionrails.ContraptionizedRails/]: Allowing rail/track to be movable: Block{create:track}
[05Jul2026 13:02:31.754] [Server thread/INFO] [com.marzrovin.contraptionrails.ContraptionizedRails/]: Allowing rail/track to be movable: Block{create:track}
[05Jul2026 13:02:31.755] [Server thread/INFO] [com.marzrovin.contraptionrails.ContraptionizedRails/]: Allowing rail/track to be movable: Block{create:track}
[05Jul2026 13:02:31.755] [Server thread/INFO] [com.marzrovin.contraptionrails.ContraptionizedRails/]: Allowing rail/track to be movable: Block{create:track}
[05Jul2026 13:02:31.755] [Server thread/INFO] [com.marzrovin.contraptionrails.ContraptionizedRails/]: Allowing rail/track to be movable: Block{create:track}
[05Jul2026 13:02:31.756] [Server thread/INFO] [com.marzrovin.contraptionrails.ContraptionizedRails/]: Allowing rail/track to be movable: Block{create:track}
[05Jul2026 13:02:31.757] [Server thread/INFO] [com.marzrovin.contraptionrails.ContraptionizedRails/]: Allowing rail/track to be movable: Block{create:track}
[05Jul2026 13:02:31.757] [Server thread/INFO] [com.marzrovin.contraptionrails.ContraptionizedRails/]: Allowing rail/track to be movable: Block{create:track}
[05Jul2026 13:02:31.758] [Server thread/INFO] [com.marzrovin.contraptionrails.ContraptionizedRails/]: Allowing rail/track to be movable: Block{create:track}
[05Jul2026 13:02:31.758] [Server thread/INFO] [com.marzrovin.contraptionrails.ContraptionizedRails/]: Allowing rail/track to be movable: Block{create:track}
[05Jul2026 13:02:31.758] [Server thread/INFO] [com.marzrovin.contraptionrails.ContraptionizedRails/]: Allowing rail/track to be movable: Block{create:track}
[05Jul2026 13:02:31.758] [Server thread/INFO] [com.marzrovin.contraptionrails.ContraptionizedRails/]: Allowing rail/track to be movable: Block{create:track}
[05Jul2026 13:02:31.759] [Server thread/INFO] [com.marzrovin.contraptionrails.ContraptionizedRails/]: Allowing rail/track to be movable: Block{create:track}
[05Jul2026 13:02:31.761] [Server thread/INFO] [com.marzrovin.contraptionrails.ContraptionizedRails/]: Allowing rail/track to be movable: Block{create:track}
[05Jul2026 13:02:31.762] [Server thread/INFO] [com.marzrovin.contraptionrails.ContraptionizedRails/]: Allowing rail/track to be movable: Block{create:track}
[05Jul2026 13:02:31.762] [Server thread/INFO] [com.marzrovin.contraptionrails.ContraptionizedRails/]: Allowing rail/track to be movable: Block{create:track}
[05Jul2026 13:02:31.763] [Server thread/INFO] [com.marzrovin.contraptionrails.ContraptionizedRails/]: Allowing rail/track to be movable: Block{create:track}
[05Jul2026 13:02:31.763] [Server thread/INFO] [com.marzrovin.contraptionrails.ContraptionizedRails/]: Allowing rail/track to be movable: Block{create:track}
[05Jul2026 13:02:31.763] [Server thread/INFO] [com.marzrovin.contraptionrails.ContraptionizedRails/]: Allowing rail/track to be movable: Block{create:track}
[05Jul2026 13:02:31.763] [Server thread/INFO] [com.marzrovin.contraptionrails.ContraptionizedRails/]: Allowing rail/track to be movable: Block{create:track}
[05Jul2026 13:02:31.764] [Server thread/INFO] [com.marzrovin.contraptionrails.ContraptionizedRails/]: Allowing rail/track to be movable: Block{create:track}
[05Jul2026 13:02:31.765] [Server thread/INFO] [com.marzrovin.contraptionrails.ContraptionizedRails/]: Allowing rail/track to be movable: Block{create:track}
[05Jul2026 13:02:31.765] [Server thread/INFO] [com.marzrovin.contraptionrails.ContraptionizedRails/]: Allowing rail/track to be movable: Block{create:track}
[05Jul2026 13:02:31.766] [Server thread/INFO] [com.marzrovin.contraptionrails.ContraptionizedRails/]: Allowing rail/track to be movable: Block{create:track}
[05Jul2026 13:02:31.767] [Server thread/INFO] [com.marzrovin.contraptionrails.ContraptionizedRails/]: Allowing rail/track to be movable: Block{create:track}
[05Jul2026 13:02:31.767] [Server thread/INFO] [com.marzrovin.contraptionrails.ContraptionizedRails/]: Allowing rail/track to be movable: Block{create:track}
[05Jul2026 13:02:31.767] [Server thread/INFO] [com.marzrovin.contraptionrails.ContraptionizedRails/]: Allowing rail/track to be movable: Block{create:track}
[05Jul2026 13:02:31.768] [Server thread/INFO] [com.marzrovin.contraptionrails.ContraptionizedRails/]: Allowing rail/track to be movable: Block{create:track}
[05Jul2026 13:02:31.768] [Server thread/INFO] [com.marzrovin.contraptionrails.ContraptionizedRails/]: Allowing rail/track to be movable: Block{create:track}
[05Jul2026 13:02:31.768] [Server thread/INFO] [com.marzrovin.contraptionrails.ContraptionizedRails/]: Allowing rail/track to be movable: Block{create:track}
[05Jul2026 13:02:31.836] [Render thread/INFO] [com.mojang.blaze3d.platform.GlDebug/]: OpenGL debug message: id=30, source=SHADER COMPILER, type=OTHER, severity=HIGH, message='0:18(10): warning: `_flw_uberFogIndex' used uninitialized'
[05Jul2026 13:02:31.837] [Render thread/INFO] [com.mojang.blaze3d.platform.GlDebug/]: OpenGL debug message: id=31, source=SHADER COMPILER, type=OTHER, severity=HIGH, message='12:3(22): warning: `flw_fragLight' used uninitialized'
[05Jul2026 13:02:31.837] [Render thread/INFO] [com.mojang.blaze3d.platform.GlDebug/]: OpenGL debug message: id=32, source=SHADER COMPILER, type=OTHER, severity=HIGH, message='0:41(10): warning: `_flw_uberCutoutIndex' used uninitialized'
[05Jul2026 13:02:31.839] [Render thread/INFO] [com.mojang.blaze3d.platform.GlDebug/]: OpenGL debug message: id=33, source=SHADER COMPILER, type=OTHER, severity=HIGH, message='19:73(6): warning: `flw_material' used uninitialized'
[05Jul2026 13:02:31.841] [Render thread/INFO] [com.mojang.blaze3d.platform.GlDebug/]: OpenGL debug message: id=34, source=SHADER COMPILER, type=OTHER, severity=HIGH, message='19:75(13): warning: `flw_material' used uninitialized'
[05Jul2026 13:02:31.842] [Render thread/INFO] [com.mojang.blaze3d.platform.GlDebug/]: OpenGL debug message: id=35, source=SHADER COMPILER, type=OTHER, severity=HIGH, message='19:115(6): warning: `flw_material' used uninitialized'
[05Jul2026 13:02:31.842] [Render thread/INFO] [com.mojang.blaze3d.platform.GlDebug/]: OpenGL debug message: id=36, source=SHADER COMPILER, type=OTHER, severity=HIGH, message='19:121(6): warning: `flw_material' used uninitialized'
[05Jul2026 13:02:31.862] [Render thread/INFO] [com.mojang.blaze3d.platform.GlDebug/]: OpenGL debug message: id=37, source=SHADER COMPILER, type=OTHER, severity=HIGH, message='10:1(27): warning: `flw_vertexPos' used uninitialized'
[05Jul2026 13:02:31.862] [Render thread/INFO] [com.mojang.blaze3d.platform.GlDebug/]: OpenGL debug message: id=38, source=SHADER COMPILER, type=OTHER, severity=HIGH, message='10:2(56): warning: `flw_vertexNormal' used uninitialized'
[05Jul2026 13:02:31.863] [Render thread/INFO] [com.mojang.blaze3d.platform.GlDebug/]: OpenGL debug message: id=39, source=SHADER COMPILER, type=OTHER, severity=HIGH, message='10:6(47): warning: `flw_vertexLight' used uninitialized'
[05Jul2026 13:02:31.864] [Render thread/INFO] [com.mojang.blaze3d.platform.GlDebug/]: OpenGL debug message: id=40, source=SHADER COMPILER, type=OTHER, severity=HIGH, message='15:89(18): warning: `_flw_modelMatrix' used uninitialized'
[05Jul2026 13:02:31.865] [Render thread/INFO] [com.mojang.blaze3d.platform.GlDebug/]: OpenGL debug message: id=41, source=SHADER COMPILER, type=OTHER, severity=HIGH, message='15:90(21): warning: `_flw_normalMatrix' used uninitialized'
[05Jul2026 13:02:31.988] [Render thread/INFO] [com.mojang.blaze3d.platform.GlDebug/]: OpenGL debug message: id=42, source=SHADER COMPILER, type=OTHER, severity=HIGH, message='0:18(10): warning: `_flw_uberFogIndex' used uninitialized'
[05Jul2026 13:02:31.989] [Render thread/INFO] [com.mojang.blaze3d.platform.GlDebug/]: OpenGL debug message: id=43, source=SHADER COMPILER, type=OTHER, severity=HIGH, message='12:3(22): warning: `flw_fragLight' used uninitialized'
[05Jul2026 13:02:31.991] [Render thread/INFO] [com.mojang.blaze3d.platform.GlDebug/]: OpenGL debug message: id=44, source=SHADER COMPILER, type=OTHER, severity=HIGH, message='20:73(6): warning: `flw_material' used uninitialized'
[05Jul2026 13:02:31.991] [Render thread/INFO] [com.mojang.blaze3d.platform.GlDebug/]: OpenGL debug message: id=45, source=SHADER COMPILER, type=OTHER, severity=HIGH, message='20:75(13): warning: `flw_material' used uninitialized'
[05Jul2026 13:02:31.991] [Render thread/INFO] [com.mojang.blaze3d.platform.GlDebug/]: OpenGL debug message: id=46, source=SHADER COMPILER, type=OTHER, severity=HIGH, message='20:115(6): warning: `flw_material' used uninitialized'
[05Jul2026 13:02:31.991] [Render thread/INFO] [com.mojang.blaze3d.platform.GlDebug/]: OpenGL debug message: id=47, source=SHADER COMPILER, type=OTHER, severity=HIGH, message='20:121(6): warning: `flw_material' used uninitialized'
[05Jul2026 13:02:34.900] [Server thread/INFO] [net.minecraft.client.server.IntegratedServer/]: Saving and pausing game...
[05Jul2026 13:02:34.953] [Server thread/INFO] [net.minecraft.server.MinecraftServer/]: Saving chunks for level 'ServerLevel[New World]'/minecraft:overworld
[05Jul2026 13:02:34.982] [Server thread/INFO] [net.minecraft.server.MinecraftServer/]: Saving chunks for level 'ServerLevel[New World]'/minecraft:the_end
[05Jul2026 13:02:34.984] [Server thread/INFO] [net.minecraft.server.MinecraftServer/]: Saving chunks for level 'ServerLevel[New World]'/minecraft:the_nether
[05Jul2026 13:02:56.750] [Server thread/INFO] [net.minecraft.client.server.IntegratedServer/]: Saving and pausing game...
[05Jul2026 13:02:56.766] [Server thread/INFO] [net.minecraft.server.MinecraftServer/]: Saving chunks for level 'ServerLevel[New World]'/minecraft:overworld
[05Jul2026 13:02:56.777] [Server thread/INFO] [net.minecraft.server.MinecraftServer/]: Saving chunks for level 'ServerLevel[New World]'/minecraft:the_end
[05Jul2026 13:02:56.778] [Server thread/INFO] [net.minecraft.server.MinecraftServer/]: Saving chunks for level 'ServerLevel[New World]'/minecraft:the_nether
[05Jul2026 13:02:57.954] [Server thread/INFO] [net.minecraft.server.network.ServerGamePacketListenerImpl/]: Dev lost connection: Disconnected
[05Jul2026 13:02:57.956] [Server thread/INFO] [net.minecraft.server.MinecraftServer/]: Dev left the game
[05Jul2026 13:02:57.975] [Server thread/INFO] [net.minecraft.server.network.ServerCommonPacketListenerImpl/]: Stopping singleplayer server as player logged out
[05Jul2026 13:02:58.009] [Server thread/INFO] [net.minecraft.server.MinecraftServer/]: Stopping server
[05Jul2026 13:02:58.011] [Server thread/INFO] [net.minecraft.server.MinecraftServer/]: Saving players
[05Jul2026 13:02:58.011] [Server thread/INFO] [net.minecraft.server.MinecraftServer/]: Saving worlds
[05Jul2026 13:02:59.414] [Server thread/INFO] [net.minecraft.server.MinecraftServer/]: Saving chunks for level 'ServerLevel[New World]'/minecraft:overworld
[05Jul2026 13:02:59.555] [Server thread/INFO] [net.minecraft.server.MinecraftServer/]: Saving chunks for level 'ServerLevel[New World]'/minecraft:the_end
[05Jul2026 13:02:59.562] [Server thread/INFO] [net.minecraft.server.MinecraftServer/]: Saving chunks for level 'ServerLevel[New World]'/minecraft:the_nether
[05Jul2026 13:02:59.587] [Server thread/INFO] [net.minecraft.server.MinecraftServer/]: ThreadedAnvilChunkStorage (New World): All chunks are saved
[05Jul2026 13:02:59.588] [Server thread/INFO] [net.minecraft.server.MinecraftServer/]: ThreadedAnvilChunkStorage (DIM1): All chunks are saved
[05Jul2026 13:02:59.588] [Server thread/INFO] [net.minecraft.server.MinecraftServer/]: ThreadedAnvilChunkStorage (DIM-1): All chunks are saved
[05Jul2026 13:02:59.589] [Server thread/INFO] [net.minecraft.server.MinecraftServer/]: ThreadedAnvilChunkStorage: All dimensions are saved
[05Jul2026 13:03:00.853] [Render thread/INFO] [net.minecraft.client.Minecraft/]: Stopping!
